d:\visualstudioprojects\phengine\phengine\phengine\phengine\debug\phengine.pdb
d:\visualstudioprojects\phengine\phengine\phengine\phengine\debug\phengine.idb
d:\visualstudioprojects\phengine\phengine\phengine\phengine\debug\playercontroller.obj
d:\visualstudioprojects\phengine\phengine\phengine\phengine\debug\projectedshadowinfo.obj
d:\visualstudioprojects\phengine\phengine\phengine\phengine\debug\interthreadcommunicationmgr.obj
d:\visualstudioprojects\phengine\phengine\phengine\phengine\debug\framebuffer.obj
d:\visualstudioprojects\phengine\phengine\phengine\phengine\debug\rendertargetpool.obj
d:\visualstudioprojects\phengine\phengine\phengine\phengine\debug\rendertargetallocationpolicy.obj
d:\visualstudioprojects\phengine\phengine\phengine\phengine\debug\inputcomponent.obj
d:\visualstudioprojects\phengine\phengine\phengine\phengine\debug\keyboardbindings.obj
d:\visualstudioprojects\phengine\phengine\phengine\phengine\debug\keyboardinputmanager.obj
d:\visualstudioprojects\phengine\phengine\phengine\phengine\debug\movementcomponent.obj
d:\visualstudioprojects\phengine\phengine\phengine\phengine\debug\collisioncomponent.obj
d:\visualstudioprojects\phengine\phengine\phengine\phengine\debug\physicsworld.obj
d:\visualstudioprojects\phengine\phengine\phengine\phengine\debug\animationholder.obj
d:\visualstudioprojects\phengine\phengine\phengine\phengine\debug\skeletalmeshcomponent.obj
d:\visualstudioprojects\phengine\phengine\phengine\phengine\debug\animationpool.obj
d:\visualstudioprojects\phengine\phengine\phengine\phengine\debug\animationallocationpolicy.obj
d:\visualstudioprojects\phengine\phengine\phengine\phengine\debug\skeletalmeshsceneproxy.obj
d:\visualstudioprojects\phengine\phengine\phengine\phengine\debug\skeletalmeshshader.obj
d:\visualstudioprojects\phengine\phengine\phengine\phengine\debug\depthshader.obj
d:\visualstudioprojects\phengine\phengine\phengine\phengine\debug\texturerenderer.obj
d:\visualstudioprojects\phengine\phengine\phengine\phengine\debug\globalproperties.obj
d:\visualstudioprojects\phengine\phengine\phengine\phengine\debug\camerabase.obj
d:\visualstudioprojects\phengine\phengine\phengine\phengine\debug\firstpersoncamera.obj
d:\visualstudioprojects\phengine\phengine\phengine\phengine\debug\scenecomponent.obj
d:\visualstudioprojects\phengine\phengine\phengine\phengine\debug\deferredshadingscenerenderer.obj
d:\visualstudioprojects\phengine\phengine\phengine\phengine\debug\screenquad.obj
d:\visualstudioprojects\phengine\phengine\phengine\phengine\debug\resolvetextureshader.obj
d:\visualstudioprojects\phengine\phengine\phengine\phengine\debug\primitivesceneproxy.obj
d:\visualstudioprojects\phengine\phengine\phengine\phengine\debug\lightbase.obj
d:\visualstudioprojects\phengine\phengine\phengine\phengine\debug\spotlight.obj
d:\visualstudioprojects\phengine\phengine\phengine\phengine\debug\skyboxsceneproxy.obj
d:\visualstudioprojects\phengine\phengine\phengine\phengine\debug\pointlightsceneproxy.obj
d:\visualstudioprojects\phengine\phengine\phengine\phengine\debug\scene.obj
d:\visualstudioprojects\phengine\phengine\phengine\phengine\debug\deferredlightshader.obj
d:\visualstudioprojects\phengine\phengine\phengine\phengine\debug\lightcomponent.obj
d:\visualstudioprojects\phengine\phengine\phengine\phengine\debug\directionallightcomponent.obj
d:\visualstudioprojects\phengine\phengine\phengine\phengine\debug\lightsceneproxy.obj
d:\visualstudioprojects\phengine\phengine\phengine\phengine\debug\directionallightsceneproxy.obj
d:\visualstudioprojects\phengine\phengine\phengine\phengine\debug\pointlightcomponent.obj
d:\visualstudioprojects\phengine\phengine\phengine\phengine\debug\textureatlasfactory.obj
d:\visualstudioprojects\phengine\phengine\phengine\phengine\debug\meshvertexdata.obj
d:\visualstudioprojects\phengine\phengine\phengine\phengine\debug\skeletonboneloader.obj
d:\visualstudioprojects\phengine\phengine\phengine\phengine\debug\boneframecollectionloader.obj
d:\visualstudioprojects\phengine\phengine\phengine\phengine\debug\animationloader.obj
d:\visualstudioprojects\phengine\phengine\phengine\phengine\debug\animationframeloader.obj
d:\visualstudioprojects\phengine\phengine\phengine\phengine\debug\meshanimationdata.obj
d:\visualstudioprojects\phengine\phengine\phengine\phengine\debug\assimpskeletonconverter.obj
d:\visualstudioprojects\phengine\phengine\phengine\phengine\debug\itexture.obj
d:\visualstudioprojects\phengine\phengine\phengine\phengine\debug\bone.obj
d:\visualstudioprojects\phengine\phengine\phengine\phengine\debug\skin.obj
d:\visualstudioprojects\phengine\phengine\phengine\phengine\debug\animatedskin.obj
d:\visualstudioprojects\phengine\phengine\phengine\phengine\debug\cubemaptexture.obj
d:\visualstudioprojects\phengine\phengine\phengine\phengine\debug\shaderbase.obj
d:\visualstudioprojects\phengine\phengine\phengine\phengine\debug\actor.obj
d:\visualstudioprojects\phengine\phengine\phengine\phengine\debug\component.obj
d:\visualstudioprojects\phengine\phengine\phengine\phengine\debug\primitivecomponent.obj
d:\visualstudioprojects\phengine\phengine\phengine\phengine\debug\skyboxcomponent.obj
d:\visualstudioprojects\phengine\phengine\phengine\phengine\debug\skyboxshader.obj
d:\visualstudioprojects\phengine\phengine\phengine\phengine\debug\meshpool.obj
d:\visualstudioprojects\phengine\phengine\phengine\phengine\debug\shaderpool.obj
d:\visualstudioprojects\phengine\phengine\phengine\phengine\debug\texture2d.obj
d:\visualstudioprojects\phengine\phengine\phengine\phengine\debug\texturemipmapstate.obj
d:\visualstudioprojects\phengine\phengine\phengine\phengine\debug\texparams.obj
d:\visualstudioprojects\phengine\phengine\phengine\phengine\debug\stbloader.obj
d:\visualstudioprojects\phengine\phengine\phengine\phengine\debug\vertexloader.obj
d:\visualstudioprojects\phengine\phengine\phengine\phengine\debug\uniform.obj
d:\visualstudioprojects\phengine\phengine\phengine\phengine\debug\vertexbufferobjectbase.obj
d:\visualstudioprojects\phengine\phengine\phengine\phengine\debug\vertexarrayobject.obj
d:\visualstudioprojects\phengine\phengine\phengine\phengine\debug\engine.obj
d:\visualstudioprojects\phengine\phengine\phengine\phengine\debug\meshallocationpolicy.obj
d:\visualstudioprojects\phengine\phengine\phengine\phengine\debug\stringstreamwrapper.obj
d:\visualstudioprojects\phengine\phengine\phengine\phengine\debug\stringextendedfunctions.obj
d:\visualstudioprojects\phengine\phengine\phengine\phengine\debug\platformdependentfunctions.obj
d:\visualstudioprojects\phengine\phengine\phengine\phengine\debug\enginemath.obj
d:\visualstudioprojects\phengine\phengine\phengine\phengine\debug\indexbufferobject.obj
d:\visualstudioprojects\phengine\phengine\phengine\phengine\debug\shader.obj
d:\visualstudioprojects\phengine\phengine\phengine\phengine\debug\shaderpredefine.obj
d:\visualstudioprojects\phengine\phengine\phengine\phengine\debug\foldermanager.obj
d:\visualstudioprojects\phengine\phengine\phengine\phengine\debug\glm.obj
d:\visualstudioprojects\phengine\phengine\phengine\phengine\debug\assimpmeshloader.obj
d:\visualstudioprojects\phengine\phengine\phengine\phengine\debug\thirdpersoncamera.obj
d:\visualstudioprojects\phengine\phengine\phengine\phengine\debug\tevent.obj
d:\visualstudioprojects\phengine\phengine\phengine\phengine\debug\texturerenderershader.obj
d:\visualstudioprojects\phengine\phengine\phengine\phengine\debug\waterplaneshader.obj
d:\visualstudioprojects\phengine\phengine\phengine\phengine\debug\waterplaneframebuffer.obj
d:\visualstudioprojects\phengine\phengine\phengine\phengine\debug\waterplanesceneproxy.obj
d:\visualstudioprojects\phengine\phengine\phengine\phengine\debug\waterplanecomponent.obj
d:\visualstudioprojects\phengine\phengine\phengine\phengine\debug\staticmeshsceneproxy.obj
d:\visualstudioprojects\phengine\phengine\phengine\phengine\debug\staticmeshshader.obj
d:\visualstudioprojects\phengine\phengine\phengine\phengine\debug\staticmeshcomponent.obj
d:\visualstudioprojects\phengine\phengine\phengine\phengine\debug\texturepool.obj
d:\visualstudioprojects\phengine\phengine\phengine\phengine\debug\textureallocationpolicy.obj
d:\visualstudioprojects\phengine\phengine\phengine\bin\debug\phengine.lib
d:\visualstudioprojects\phengine\phengine\phengine\phengine\debug\actor.obj.enc
d:\visualstudioprojects\phengine\phengine\phengine\phengine\debug\component.obj.enc
d:\visualstudioprojects\phengine\phengine\phengine\phengine\debug\deferredlightshader.obj.enc
d:\visualstudioprojects\phengine\phengine\phengine\phengine\debug\deferredshadingscenerenderer.obj.enc
d:\visualstudioprojects\phengine\phengine\phengine\phengine\debug\directionallightcomponent.obj.enc
d:\visualstudioprojects\phengine\phengine\phengine\phengine\debug\directionallightsceneproxy.obj.enc
d:\visualstudioprojects\phengine\phengine\phengine\phengine\debug\engine.obj.enc
d:\visualstudioprojects\phengine\phengine\phengine\phengine\debug\lightcomponent.obj.enc
d:\visualstudioprojects\phengine\phengine\phengine\phengine\debug\playercontroller.obj.enc
d:\visualstudioprojects\phengine\phengine\phengine\phengine\debug\primitivecomponent.obj.enc
d:\visualstudioprojects\phengine\phengine\phengine\phengine\debug\scene.obj.enc
d:\visualstudioprojects\phengine\phengine\phengine\phengine\debug\scenecomponent.obj.enc
d:\visualstudioprojects\phengine\phengine\phengine\phengine\debug\skeletalmeshcomponent.obj.enc
d:\visualstudioprojects\phengine\phengine\phengine\phengine\debug\skeletalmeshsceneproxy.obj.enc
d:\visualstudioprojects\phengine\phengine\phengine\phengine\debug\skyboxcomponent.obj.enc
d:\visualstudioprojects\phengine\phengine\phengine\phengine\debug\skyboxsceneproxy.obj.enc
d:\visualstudioprojects\phengine\phengine\phengine\phengine\debug\staticmeshcomponent.obj.enc
d:\visualstudioprojects\phengine\phengine\phengine\phengine\debug\staticmeshsceneproxy.obj.enc
d:\visualstudioprojects\phengine\phengine\phengine\phengine\debug\thirdpersoncamera.obj.enc
d:\visualstudioprojects\phengine\phengine\phengine\bin\debug\phengine.pdb
d:\visualstudioprojects\phengine\phengine\phengine\phengine\debug\phengine.tlog\cl.command.1.tlog
d:\visualstudioprojects\phengine\phengine\phengine\phengine\debug\phengine.tlog\cl.read.1.tlog
d:\visualstudioprojects\phengine\phengine\phengine\phengine\debug\phengine.tlog\cl.write.1.tlog
d:\visualstudioprojects\phengine\phengine\phengine\phengine\debug\phengine.tlog\lib-link.read.1.tlog
d:\visualstudioprojects\phengine\phengine\phengine\phengine\debug\phengine.tlog\lib-link.write.1.tlog
d:\visualstudioprojects\phengine\phengine\phengine\phengine\debug\phengine.tlog\lib.command.1.tlog
