  Engine.cpp
StbLoader.obj : warning LNK4006: _stbi_convert_iphone_png_to_rgb already defined in Texture2d.obj; second definition ignored
StbLoader.obj : warning LNK4006: _stbi_failure_reason already defined in Texture2d.obj; second definition ignored
StbLoader.obj : warning LNK4006: _stbi_hdr_to_ldr_gamma already defined in Texture2d.obj; second definition ignored
StbLoader.obj : warning LNK4006: _stbi_hdr_to_ldr_scale already defined in Texture2d.obj; second definition ignored
StbLoader.obj : warning LNK4006: _stbi_image_free already defined in Texture2d.obj; second definition ignored
StbLoader.obj : warning LNK4006: _stbi_info already defined in Texture2d.obj; second definition ignored
StbLoader.obj : warning LNK4006: _stbi_info_from_callbacks already defined in Texture2d.obj; second definition ignored
StbLoader.obj : warning LNK4006: _stbi_info_from_file already defined in Texture2d.obj; second definition ignored
StbLoader.obj : warning LNK4006: _stbi_info_from_memory already defined in Texture2d.obj; second definition ignored
StbLoader.obj : warning LNK4006: _stbi_is_16_bit already defined in Texture2d.obj; second definition ignored
StbLoader.obj : warning LNK4006: _stbi_is_16_bit_from_callbacks already defined in Texture2d.obj; second definition ignored
StbLoader.obj : warning LNK4006: _stbi_is_16_bit_from_file already defined in Texture2d.obj; second definition ignored
StbLoader.obj : warning LNK4006: _stbi_is_16_bit_from_memory already defined in Texture2d.obj; second definition ignored
StbLoader.obj : warning LNK4006: _stbi_is_hdr already defined in Texture2d.obj; second definition ignored
StbLoader.obj : warning LNK4006: _stbi_is_hdr_from_callbacks already defined in Texture2d.obj; second definition ignored
StbLoader.obj : warning LNK4006: _stbi_is_hdr_from_file already defined in Texture2d.obj; second definition ignored
StbLoader.obj : warning LNK4006: _stbi_is_hdr_from_memory already defined in Texture2d.obj; second definition ignored
StbLoader.obj : warning LNK4006: _stbi_ldr_to_hdr_gamma already defined in Texture2d.obj; second definition ignored
StbLoader.obj : warning LNK4006: _stbi_ldr_to_hdr_scale already defined in Texture2d.obj; second definition ignored
StbLoader.obj : warning LNK4006: _stbi_load already defined in Texture2d.obj; second definition ignored
StbLoader.obj : warning LNK4006: _stbi_load_16 already defined in Texture2d.obj; second definition ignored
StbLoader.obj : warning LNK4006: _stbi_load_16_from_callbacks already defined in Texture2d.obj; second definition ignored
StbLoader.obj : warning LNK4006: _stbi_load_16_from_memory already defined in Texture2d.obj; second definition ignored
StbLoader.obj : warning LNK4006: _stbi_load_from_callbacks already defined in Texture2d.obj; second definition ignored
StbLoader.obj : warning LNK4006: _stbi_load_from_file already defined in Texture2d.obj; second definition ignored
StbLoader.obj : warning LNK4006: _stbi_load_from_file_16 already defined in Texture2d.obj; second definition ignored
StbLoader.obj : warning LNK4006: _stbi_load_from_memory already defined in Texture2d.obj; second definition ignored
StbLoader.obj : warning LNK4006: _stbi_load_gif_from_memory already defined in Texture2d.obj; second definition ignored
StbLoader.obj : warning LNK4006: _stbi_loadf already defined in Texture2d.obj; second definition ignored
StbLoader.obj : warning LNK4006: _stbi_loadf_from_callbacks already defined in Texture2d.obj; second definition ignored
StbLoader.obj : warning LNK4006: _stbi_loadf_from_file already defined in Texture2d.obj; second definition ignored
StbLoader.obj : warning LNK4006: _stbi_loadf_from_memory already defined in Texture2d.obj; second definition ignored
StbLoader.obj : warning LNK4006: _stbi_set_flip_vertically_on_load already defined in Texture2d.obj; second definition ignored
StbLoader.obj : warning LNK4006: _stbi_set_unpremultiply_on_load already defined in Texture2d.obj; second definition ignored
StbLoader.obj : warning LNK4006: _stbi_zlib_decode_buffer already defined in Texture2d.obj; second definition ignored
StbLoader.obj : warning LNK4006: _stbi_zlib_decode_malloc already defined in Texture2d.obj; second definition ignored
StbLoader.obj : warning LNK4006: _stbi_zlib_decode_malloc_guesssize already defined in Texture2d.obj; second definition ignored
StbLoader.obj : warning LNK4006: _stbi_zlib_decode_malloc_guesssize_headerflag already defined in Texture2d.obj; second definition ignored
StbLoader.obj : warning LNK4006: _stbi_zlib_decode_noheader_buffer already defined in Texture2d.obj; second definition ignored
StbLoader.obj : warning LNK4006: _stbi_zlib_decode_noheader_malloc already defined in Texture2d.obj; second definition ignored
Engine.obj : warning LNK4006: "public: __thiscall Graphics::Texture::ITexture::ITexture(void)" (??0ITexture@Texture@Graphics@@QAE@XZ) already defined in Texture2d.obj; second definition ignored
Engine.obj : warning LNK4006: "public: virtual __thiscall Graphics::Texture::ITexture::~ITexture(void)" (??1ITexture@Texture@Graphics@@UAE@XZ) already defined in Texture2d.obj; second definition ignored
  PHEngine.vcxproj -> D:\MyStartUP\PortHighlightEngine\PHEngine\PHEngine\bin\Debug\PHEngine.lib
