LINK : warning LNK4098: defaultlib 'MSVCRT' conflicts with use of other libs; use /NODEFAULTLIB:library
LINK : warning LNK4098: defaultlib 'LIBCMT' conflicts with use of other libs; use /NODEFAULTLIB:library
PHEngine.lib(Shader.obj) : warning LNK4049: locally defined symbol ___glewAttachShader imported
PHEngine.lib(Shader.obj) : warning LNK4049: locally defined symbol ___glewCompileShader imported
PHEngine.lib(Shader.obj) : warning LNK4049: locally defined symbol ___glewCreateProgram imported
PHEngine.lib(Shader.obj) : warning LNK4049: locally defined symbol ___glewCreateShader imported
PHEngine.lib(Shader.obj) : warning LNK4049: locally defined symbol ___glewDeleteShader imported
PHEngine.lib(Shader.obj) : warning LNK4049: locally defined symbol ___glewDetachShader imported
PHEngine.lib(Shader.obj) : warning LNK4049: locally defined symbol ___glewGetProgramInfoLog imported
PHEngine.lib(Shader.obj) : warning LNK4049: locally defined symbol ___glewGetProgramiv imported
PHEngine.lib(Shader.obj) : warning LNK4049: locally defined symbol ___glewGetShaderInfoLog imported
PHEngine.lib(Shader.obj) : warning LNK4049: locally defined symbol ___glewGetShaderiv imported
PHEngine.lib(Shader.obj) : warning LNK4049: locally defined symbol ___glewLinkProgram imported
PHEngine.lib(Shader.obj) : warning LNK4049: locally defined symbol ___glewShaderSource imported
PHEngine.lib(Shader.obj) : warning LNK4049: locally defined symbol ___glewUseProgram imported
PHEngine.lib(Shader.obj) : warning LNK4049: locally defined symbol ___glewGetSubroutineIndex imported
PHEngine.lib(Shader.obj) : warning LNK4049: locally defined symbol ___glewUniformSubroutinesuiv imported
PHEngine.lib(MeshAllocationPolicy.obj) : warning LNK4049: locally defined symbol ___glewBufferData imported
PHEngine.lib(IndexBufferObject.obj) : warning LNK4049: locally defined symbol ___glewBufferData imported
PHEngine.lib(MeshAllocationPolicy.obj) : warning LNK4049: locally defined symbol ___glewDeleteBuffers imported
PHEngine.lib(IndexBufferObject.obj) : warning LNK4049: locally defined symbol ___glewDeleteBuffers imported
PHEngine.lib(MeshAllocationPolicy.obj) : warning LNK4049: locally defined symbol ___glewDisableVertexAttribArray imported
PHEngine.lib(VertexArrayObject.obj) : warning LNK4049: locally defined symbol ___glewDisableVertexAttribArray imported
PHEngine.lib(MeshAllocationPolicy.obj) : warning LNK4049: locally defined symbol ___glewEnableVertexAttribArray imported
PHEngine.lib(MeshAllocationPolicy.obj) : warning LNK4049: locally defined symbol ___glewVertexAttribPointer imported
PHEngine.lib(MeshAllocationPolicy.obj) : warning LNK4049: locally defined symbol ___glewVertexAttribIPointer imported
PHEngine.lib(MeshAllocationPolicy.obj) : warning LNK4049: locally defined symbol ___glewVertexAttribLPointer imported
PHEngine.lib(Uniform.obj) : warning LNK4049: locally defined symbol ___glewGetUniformLocation imported
PHEngine.lib(Uniform.obj) : warning LNK4049: locally defined symbol ___glewUniform1f imported
PHEngine.lib(Uniform.obj) : warning LNK4049: locally defined symbol ___glewUniform1i imported
PHEngine.lib(Uniform.obj) : warning LNK4049: locally defined symbol ___glewUniform2f imported
PHEngine.lib(Uniform.obj) : warning LNK4049: locally defined symbol ___glewUniform3f imported
PHEngine.lib(Uniform.obj) : warning LNK4049: locally defined symbol ___glewUniform4f imported
PHEngine.lib(Uniform.obj) : warning LNK4049: locally defined symbol ___glewUniformMatrix2fv imported
PHEngine.lib(Uniform.obj) : warning LNK4049: locally defined symbol ___glewUniformMatrix3fv imported
PHEngine.lib(Uniform.obj) : warning LNK4049: locally defined symbol ___glewUniformMatrix4fv imported
PHEngine.lib(VertexBufferObjectBase.obj) : warning LNK4049: locally defined symbol ___glewBindBuffer imported
PHEngine.lib(IndexBufferObject.obj) : warning LNK4049: locally defined symbol ___glewBindBuffer imported
PHEngine.lib(VertexBufferObjectBase.obj) : warning LNK4049: locally defined symbol ___glewGenBuffers imported
PHEngine.lib(VertexArrayObject.obj) : warning LNK4049: locally defined symbol ___glewBindVertexArray imported
PHEngine.lib(VertexArrayObject.obj) : warning LNK4049: locally defined symbol ___glewDeleteVertexArrays imported
PHEngine.lib(VertexArrayObject.obj) : warning LNK4049: locally defined symbol ___glewGenVertexArrays imported
PHEngine.lib(StbLoader.obj) : error LNK2019: unresolved external symbol _stbi_load referenced in function "public: unsigned char * __thiscall Io::Images::Stb::StbLoader::LoadTextureFromFile(class std::basic_string<char,struct std::char_traits<char>,class std::allocator<char> > &)" (?LoadTextureFromFile@StbLoader@Stb@Images@Io@@QAEPAEAAV?$basic_string@DU?$char_traits@D@std@@V?$allocator@D@2@@std@@@Z)
D:\MyStartUP\PortHighlightEngine\PHEngine\PHEngine\bin\Debug\Gui.exe : fatal error LNK1120: 1 unresolved externals
