d:\mystartup\porthighlightengine\phengine\phengine\gui\debug\vc141.pdb
d:\mystartup\porthighlightengine\phengine\phengine\gui\debug\vc141.idb
d:\mystartup\porthighlightengine\phengine\phengine\gui\debug\guimain.obj
d:\mystartup\porthighlightengine\phengine\phengine\bin\debug\gui.pdb
d:\mystartup\porthighlightengine\phengine\phengine\gui\debug\gui.tlog\cl.command.1.tlog
d:\mystartup\porthighlightengine\phengine\phengine\gui\debug\gui.tlog\cl.read.1.tlog
d:\mystartup\porthighlightengine\phengine\phengine\gui\debug\gui.tlog\cl.write.1.tlog
d:\mystartup\porthighlightengine\phengine\phengine\gui\debug\gui.tlog\link-cvtres.read.1.tlog
d:\mystartup\porthighlightengine\phengine\phengine\gui\debug\gui.tlog\link-cvtres.write.1.tlog
d:\mystartup\porthighlightengine\phengine\phengine\gui\debug\gui.tlog\link-rc.read.1.tlog
d:\mystartup\porthighlightengine\phengine\phengine\gui\debug\gui.tlog\link-rc.write.1.tlog
d:\mystartup\porthighlightengine\phengine\phengine\gui\debug\gui.tlog\link.14148-cvtres.read.1.tlog
d:\mystartup\porthighlightengine\phengine\phengine\gui\debug\gui.tlog\link.14148-cvtres.write.1.tlog
d:\mystartup\porthighlightengine\phengine\phengine\gui\debug\gui.tlog\link.14148-rc.read.1.tlog
d:\mystartup\porthighlightengine\phengine\phengine\gui\debug\gui.tlog\link.14148-rc.write.1.tlog
d:\mystartup\porthighlightengine\phengine\phengine\gui\debug\gui.tlog\link.14148.read.1.tlog
d:\mystartup\porthighlightengine\phengine\phengine\gui\debug\gui.tlog\link.14148.write.1.tlog
d:\mystartup\porthighlightengine\phengine\phengine\gui\debug\gui.tlog\link.command.1.tlog
d:\mystartup\porthighlightengine\phengine\phengine\gui\debug\gui.tlog\link.read.1.tlog
d:\mystartup\porthighlightengine\phengine\phengine\gui\debug\gui.tlog\link.write.1.tlog
